# JRE version: Java(TM) SE Runtime Environment (17.0.10+11) (build 17.0.10+11-LTS-240)
# Java VM: Java HotSpot(TM) 64-Bit Server VM (17.0.10+11-LTS-240, mixed mode, sharing, tiered, compressed oops, compressed class ptrs, g1 gc, windows-amd64)
GC Precious Log:
 CPUs: 12 total, 12 available
 Memory: 16076M
 Large Page Support: Disabled
 NUMA Support: Disabled
 Compressed Oops: Enabled (Zero based)
 Heap Region Size: 4M
 Heap Min Capacity: 8M
 Heap Initial Capacity: 252M
 Heap Max Capacity: 6G
 Pre-touch: Disabled
 Parallel Workers: 10
 Concurrent Workers: 3
 Concurrent Refinement Workers: 10
 Periodic GC: Disabled
Heap:
 garbage-first heap   total 659456K, used 441251K [0x0000000680000000, 0x0000000800000000)
  region size 4096K, 30 young (122880K), 4 survivors (16384K)
 Metaspace       used 158141K, committed 160448K, reserved 1245184K
  class space    used 21743K, committed 22784K, reserved 1048576K
GC Heap History (20 events):
Event: 24.361 GC heap before
{Heap before GC invocations=44 (full 0):
 garbage-first heap   total 454656K, used 363497K [0x0000000680000000, 0x0000000800000000)
  region size 4096K, 27 young (110592K), 4 survivors (16384K)
 Metaspace       used 122467K, committed 124224K, reserved 1179648K
  class space    used 17111K, committed 17920K, reserved 1048576K
}
Event: 24.374 GC heap after
{Heap after GC invocations=45 (full 0):
 garbage-first heap   total 548864K, used 277492K [0x0000000680000000, 0x0000000800000000)
  region size 4096K, 2 young (8192K), 2 survivors (8192K)
 Metaspace       used 122467K, committed 124224K, reserved 1179648K
  class space    used 17111K, committed 17920K, reserved 1048576K
}
Event: 25.489 GC heap before
{Heap before GC invocations=45 (full 0):
 garbage-first heap   total 548864K, used 441332K [0x0000000680000000, 0x0000000800000000)
  region size 4096K, 42 young (172032K), 2 survivors (8192K)
 Metaspace       used 123687K, committed 125824K, reserved 1179648K
  class space    used 17323K, committed 18304K, reserved 1048576K
}
Event: 25.506 GC heap after
{Heap after GC invocations=46 (full 0):
 garbage-first heap   total 548864K, used 293293K [0x0000000680000000, 0x0000000800000000)
  region size 4096K, 6 young (24576K), 6 survivors (24576K)
 Metaspace       used 123687K, committed 125824K, reserved 1179648K
  class space    used 17323K, committed 18304K, reserved 1048576K
}
Event: 26.624 GC heap before
{Heap before GC invocations=46 (full 0):
 garbage-first heap   total 548864K, used 432557K [0x0000000680000000, 0x0000000800000000)
  region size 4096K, 41 young (167936K), 6 survivors (24576K)
 Metaspace       used 126288K, committed 128448K, reserved 1179648K
  class space    used 17577K, committed 18560K, reserved 1048576K
}
Event: 26.641 GC heap after
{Heap after GC invocations=47 (full 0):
 garbage-first heap   total 548864K, used 304791K [0x0000000680000000, 0x0000000800000000)
  region size 4096K, 3 young (12288K), 3 survivors (12288K)
 Metaspace       used 126288K, committed 128448K, reserved 1179648K
  class space    used 17577K, committed 18560K, reserved 1048576K
}
Event: 30.816 GC heap before
{Heap before GC invocations=47 (full 0):
 garbage-first heap   total 548864K, used 439959K [0x0000000680000000, 0x0000000800000000)
  region size 4096K, 37 young (151552K), 3 survivors (12288K)
 Metaspace       used 127697K, committed 129856K, reserved 1179648K
  class space    used 17755K, committed 18752K, reserved 1048576K
}
Event: 30.824 GC heap after
{Heap after GC invocations=48 (full 0):
 garbage-first heap   total 548864K, used 308283K [0x0000000680000000, 0x0000000800000000)
  region size 4096K, 4 young (16384K), 4 survivors (16384K)
 Metaspace       used 127697K, committed 129856K, reserved 1179648K
  class space    used 17755K, committed 18752K, reserved 1048576K
}
Event: 31.494 GC heap before
{Heap before GC invocations=48 (full 0):
 garbage-first heap   total 548864K, used 443451K [0x0000000680000000, 0x0000000800000000)
  region size 4096K, 38 young (155648K), 4 survivors (16384K)
 Metaspace       used 128013K, committed 130240K, reserved 1179648K
  class space    used 17788K, committed 18816K, reserved 1048576K
}
Event: 31.505 GC heap after
{Heap after GC invocations=49 (full 0):
 garbage-first heap   total 548864K, used 314793K [0x0000000680000000, 0x0000000800000000)
  region size 4096K, 4 young (16384K), 4 survivors (16384K)
 Metaspace       used 128013K, committed 130240K, reserved 1179648K
  class space    used 17788K, committed 18816K, reserved 1048576K
}
Event: 33.929 GC heap before
{Heap before GC invocations=49 (full 0):
 garbage-first heap   total 548864K, used 445865K [0x0000000680000000, 0x0000000800000000)
  region size 4096K, 37 young (151552K), 4 survivors (16384K)
 Metaspace       used 137532K, committed 139712K, reserved 1179648K
  class space    used 18904K, committed 19904K, reserved 1048576K
}
Event: 33.943 GC heap after
{Heap after GC invocations=50 (full 0):
 garbage-first heap   total 659456K, used 326268K [0x0000000680000000, 0x0000000800000000)
  region size 4096K, 5 young (20480K), 5 survivors (20480K)
 Metaspace       used 137532K, committed 139712K, reserved 1179648K
  class space    used 18904K, committed 19904K, reserved 1048576K
}
Event: 35.749 GC heap before
{Heap before GC invocations=50 (full 0):
 garbage-first heap   total 659456K, used 531068K [0x0000000680000000, 0x0000000800000000)
  region size 4096K, 56 young (229376K), 5 survivors (20480K)
 Metaspace       used 138842K, committed 141184K, reserved 1179648K
  class space    used 19095K, committed 20160K, reserved 1048576K
}
Event: 35.765 GC heap after
{Heap after GC invocations=51 (full 0):
 garbage-first heap   total 659456K, used 334770K [0x0000000680000000, 0x0000000800000000)
  region size 4096K, 6 young (24576K), 6 survivors (24576K)
 Metaspace       used 138842K, committed 141184K, reserved 1179648K
  class space    used 19095K, committed 20160K, reserved 1048576K
}
Event: 37.941 GC heap before
{Heap before GC invocations=51 (full 0):
 garbage-first heap   total 659456K, used 531378K [0x0000000680000000, 0x0000000800000000)
  region size 4096K, 55 young (225280K), 6 survivors (24576K)
 Metaspace       used 152840K, committed 155136K, reserved 1245184K
  class space    used 21233K, committed 22272K, reserved 1048576K
}
Event: 37.957 GC heap after
{Heap after GC invocations=52 (full 0):
 garbage-first heap   total 659456K, used 344721K [0x0000000680000000, 0x0000000800000000)
  region size 4096K, 6 young (24576K), 6 survivors (24576K)
 Metaspace       used 152840K, committed 155136K, reserved 1245184K
  class space    used 21233K, committed 22272K, reserved 1048576K
}
Event: 40.095 GC heap before
{Heap before GC invocations=52 (full 0):
 garbage-first heap   total 659456K, used 541329K [0x0000000680000000, 0x0000000800000000)
  region size 4096K, 54 young (221184K), 6 survivors (24576K)
 Metaspace       used 155559K, committed 157824K, reserved 1245184K
  class space    used 21435K, committed 22464K, reserved 1048576K
}
Event: 40.108 GC heap after
{Heap after GC invocations=53 (full 0):
 garbage-first heap   total 659456K, used 346101K [0x0000000680000000, 0x0000000800000000)
  region size 4096K, 4 young (16384K), 4 survivors (16384K)
 Metaspace       used 155559K, committed 157824K, reserved 1245184K
  class space    used 21435K, committed 22464K, reserved 1048576K
}
Event: 43.085 GC heap before
{Heap before GC invocations=53 (full 0):
 garbage-first heap   total 659456K, used 546805K [0x0000000680000000, 0x0000000800000000)
  region size 4096K, 54 young (221184K), 4 survivors (16384K)
 Metaspace       used 157855K, committed 160192K, reserved 1245184K
  class space    used 21740K, committed 22784K, reserved 1048576K
}
Event: 43.096 GC heap after
{Heap after GC invocations=54 (full 0):
 garbage-first heap   total 659456K, used 342947K [0x0000000680000000, 0x0000000800000000)
  region size 4096K, 4 young (16384K), 4 survivors (16384K)
 Metaspace       used 157855K, committed 160192K, reserved 1245184K
  class space    used 21740K, committed 22784K, reserved 1048576K
}

